<?xml version="1.0" encoding="UTF-8"?>
<!-- Generated by org.testng.reporters.JUnitReportReporter -->
<testsuite hostname="Lenovo-PC" failures="0" tests="4" name="ff.tests.StockManagement" time="8.204" errors="0" timestamp="2024-01-02T13:00:19 IST" skipped="0">
  <testcase classname="ff.tests.StockManagement" name="verifyTransactionHistory" time="1.231"/>
  <testcase classname="ff.tests.StockManagement" name="verifyStockPresent" time="0.331"/>
  <testcase classname="ff.tests.StockManagement" name="verifyStockQuantity" time="0.417"/>
  <testcase classname="ff.tests.StockManagement" name="addNewStock" time="6.225"/>
</testsuite> <!-- ff.tests.StockManagement -->
