<?xml version="1.0" encoding="UTF-8"?>
<!-- Generated by org.testng.reporters.JUnitReportReporter -->
<testsuite hostname="Lenovo-PC" failures="0" tests="4" name="ff.tests.StockManagement" time="20.851" errors="0" timestamp="2023-12-28T11:22:15 IST" skipped="0">
  <testcase classname="ff.tests.StockManagement" name="addNewStock" time="17.011"/>
  <testcase classname="ff.tests.StockManagement" name="verifyTrasactionHistory" time="2.133"/>
  <testcase classname="ff.tests.StockManagement" name="verifyStockPresent" time="0.592"/>
  <testcase classname="ff.tests.StockManagement" name="verifyStockQuantity" time="1.115"/>
</testsuite> <!-- ff.tests.StockManagement -->
