<?xml version="1.0" encoding="UTF-8"?>
<!-- Generated by org.testng.reporters.JUnitReportReporter -->
<testsuite hostname="Lenovo-PC" failures="0" tests="4" name="ff.tests.StockManagement" time="20.097" errors="0" timestamp="2023-12-26T11:33:42 IST" skipped="0">
  <testcase classname="ff.tests.StockManagement" name="verifyTrasactionHistory" time="0.006"/>
  <testcase classname="ff.tests.StockManagement" name="addNewStock" time="20.069"/>
  <testcase classname="ff.tests.StockManagement" name="verifyStockPresent" time="0.018"/>
  <testcase classname="ff.tests.StockManagement" name="verifyStockQuantity" time="0.004"/>
</testsuite> <!-- ff.tests.StockManagement -->
