<?xml version="1.0" encoding="UTF-8"?>
<!-- Generated by org.testng.reporters.JUnitReportReporter -->
<testsuite hostname="Lenovo-PC" failures="0" tests="1" name="ff.tests.PortfolioManagement" time="0.496" errors="0" timestamp="2024-01-02T13:00:19 IST" skipped="0">
  <testcase classname="ff.tests.PortfolioManagement" name="selectPortfolio" time="0.496"/>
</testsuite> <!-- ff.tests.PortfolioManagement -->
