<?xml version="1.0" encoding="UTF-8"?>
<!-- Generated by org.testng.reporters.JUnitReportReporter -->
<testsuite hostname="Lenovo-PC" failures="0" tests="4" name="ff.tests.StockManagement" time="13.805" errors="0" timestamp="2023-12-27T16:00:00 IST" skipped="0">
  <testcase classname="ff.tests.StockManagement" name="verifyTrasactionHistory" time="3.333"/>
  <testcase classname="ff.tests.StockManagement" name="verifyStockQuantity" time="0.264"/>
  <testcase classname="ff.tests.StockManagement" name="addNewStock" time="10.001"/>
  <testcase classname="ff.tests.StockManagement" name="verifyStockPresent" time="0.207"/>
</testsuite> <!-- ff.tests.StockManagement -->
