<?xml version="1.0" encoding="UTF-8"?>
<!-- Generated by org.testng.reporters.JUnitReportReporter -->
<testsuite hostname="Lenovo-PC" failures="0" tests="8" name="ff.tests.StockManagement" time="7.068" errors="0" timestamp="2024-01-02T16:43:17 IST" skipped="4">
  <testcase classname="ff.tests.StockManagement" name="verifyTransactionHistory" time="0.000">
    <skipped/>
  </testcase> <!-- verifyTransactionHistory -->
  <testcase classname="ff.tests.StockManagement" name="addNewStock" time="0.001">
    <skipped/>
  </testcase> <!-- addNewStock -->
  <testcase classname="ff.tests.StockManagement" name="verifyStockQuantity" time="0.001">
    <skipped/>
  </testcase> <!-- verifyStockQuantity -->
  <testcase classname="ff.tests.StockManagement" name="verifyStockPresent" time="0.714"/>
  <testcase classname="ff.tests.StockManagement" name="verifyStockPresent" time="0.000">
    <skipped/>
  </testcase> <!-- verifyStockPresent -->
  <testcase classname="ff.tests.StockManagement" name="addNewStock" time="5.117"/>
  <testcase classname="ff.tests.StockManagement" name="verifyTransactionHistory" time="0.941"/>
  <testcase classname="ff.tests.StockManagement" name="verifyStockQuantity" time="0.294"/>
</testsuite> <!-- ff.tests.StockManagement -->
