<?xml version="1.0" encoding="UTF-8"?>
<!-- Generated by org.testng.reporters.JUnitReportReporter -->
<testsuite hostname="Lenovo-PC" failures="0" tests="2" name="ff.tests.PortfolioManagement" time="0.387" errors="0" timestamp="2024-01-02T16:43:17 IST" skipped="1">
  <testcase classname="ff.tests.PortfolioManagement" name="selectPortfolio" time="0.000">
    <skipped/>
  </testcase> <!-- selectPortfolio -->
  <testcase classname="ff.tests.PortfolioManagement" name="selectPortfolio" time="0.387"/>
</testsuite> <!-- ff.tests.PortfolioManagement -->
