<?xml version="1.0" encoding="UTF-8"?>
<!-- Generated by org.testng.reporters.JUnitReportReporter -->
<testsuite hostname="Lenovo-PC" failures="0" tests="4" name="ff.tests.StockManagement" time="7.533" errors="0" timestamp="2023-12-27T11:22:34 IST" skipped="0">
  <testcase classname="ff.tests.StockManagement" name="verifyStockPresent" time="0.296"/>
  <testcase classname="ff.tests.StockManagement" name="addNewStock" time="6.081"/>
  <testcase classname="ff.tests.StockManagement" name="verifyTrasactionHistory" time="0.910"/>
  <testcase classname="ff.tests.StockManagement" name="verifyStockQuantity" time="0.246"/>
</testsuite> <!-- ff.tests.StockManagement -->
