<?xml version="1.0" encoding="UTF-8"?>
<!-- Generated by org.testng.reporters.JUnitReportReporter -->
<testsuite hostname="Lenovo-PC" failures="0" tests="1" name="ff.tests.PortfolioManagement" time="1.865" errors="0" timestamp="2023-12-28T11:22:15 IST" skipped="0">
  <testcase classname="ff.tests.PortfolioManagement" name="selectPortfolio" time="1.865"/>
</testsuite> <!-- ff.tests.PortfolioManagement -->
