<?xml version="1.0" encoding="UTF-8"?>
<!-- Generated by org.testng.reporters.JUnitReportReporter -->
<testsuite hostname="Lenovo-PC" failures="0" tests="4" name="ff.tests.StockManagement" time="0.006" errors="0" timestamp="2023-12-27T18:29:09 IST" skipped="4">
  <testcase classname="ff.tests.StockManagement" name="verifyTrasactionHistory" time="0.001">
    <skipped/>
  </testcase> <!-- verifyTrasactionHistory -->
  <system-out/>
  <testcase classname="ff.tests.StockManagement" name="verifyStockQuantity" time="0.001">
    <skipped/>
  </testcase> <!-- verifyStockQuantity -->
  <system-out/>
  <testcase classname="ff.tests.StockManagement" name="addNewStock" time="0.001">
    <skipped/>
  </testcase> <!-- addNewStock -->
  <system-out/>
  <testcase classname="ff.tests.StockManagement" name="verifyStockPresent" time="0.003">
    <skipped/>
  </testcase> <!-- verifyStockPresent -->
  <system-out/>
</testsuite> <!-- ff.tests.StockManagement -->
